<?xml version="1.0" encoding="UTF-8"?>
<testng-results ignored="0" total="1" passed="1" failed="0" skipped="0">
  <reporter-output>
  </reporter-output>
  <suite started-at="2022-03-14T02:00:59 IST" name="Default suite" finished-at="2022-03-14T02:01:37 IST" duration-ms="37704">
    <groups>
    </groups>
    <test started-at="2022-03-14T02:00:59 IST" name="Default test" finished-at="2022-03-14T02:01:37 IST" duration-ms="37704">
      <class name="javaPackage.Assertion1">
        <test-method signature="testCase1()[pri:0, instance:javaPackage.Assertion1@696da30b]" started-at="2022-03-14T02:01:00 IST" name="testCase1" finished-at="2022-03-14T02:01:37 IST" duration-ms="37539" status="PASS">
          <reporter-output>
          </reporter-output>
        </test-method> <!-- testCase1 -->
      </class> <!-- javaPackage.Assertion1 -->
    </test> <!-- Default test -->
  </suite> <!-- Default suite -->
</testng-results>
